<?xml version="1.0" encoding="UTF-8"?>
<testng-results ignored="0" total="1" passed="1" failed="0" skipped="0">
  <reporter-output>
  </reporter-output>
  <suite started-at="2023-10-25T09:59:32 IST" name="Default suite" finished-at="2023-10-25T09:59:47 IST" duration-ms="14617">
    <groups>
    </groups>
    <test started-at="2023-10-25T09:59:32 IST" name="Default test" finished-at="2023-10-25T09:59:47 IST" duration-ms="14617">
      <class name="Testcase.TC_001_login">
        <test-method is-config="true" signature="openapplication()[pri:0, instance:Testcase.TC_001_login@117159c0]" started-at="2023-10-25T09:59:32 IST" name="openapplication" finished-at="2023-10-25T09:59:36 IST" duration-ms="3843" status="PASS">
          <reporter-output>
          </reporter-output>
        </test-method> <!-- openapplication -->
        <test-method signature="logintest()[pri:0, instance:Testcase.TC_001_login@117159c0]" started-at="2023-10-25T09:59:36 IST" name="logintest" finished-at="2023-10-25T09:59:47 IST" duration-ms="10713" status="PASS">
          <reporter-output>
          </reporter-output>
        </test-method> <!-- logintest -->
        <test-method is-config="true" signature="Closepage()[pri:0, instance:Testcase.TC_001_login@117159c0]" started-at="2023-10-25T09:59:47 IST" name="Closepage" finished-at="2023-10-25T09:59:47 IST" duration-ms="0" status="PASS">
          <reporter-output>
          </reporter-output>
        </test-method> <!-- Closepage -->
      </class> <!-- Testcase.TC_001_login -->
    </test> <!-- Default test -->
  </suite> <!-- Default suite -->
</testng-results>
